{"C:\\Users\\97252\\Desktop\\PokeSwap\\server.js": {"path":"C:\\Users\\97252\\Desktop\\PokeSwap\\server.js","statementMap":{"0":{"start":{"line":1,"column":16},"end":{"line":1,"column":34}},"1":{"start":{"line":2,"column":17},"end":{"line":2,"column":36}},"2":{"start":{"line":3,"column":15},"end":{"line":3,"column":41}},"3":{"start":{"line":4,"column":12},"end":{"line":4,"column":21}},"4":{"start":{"line":6,"column":19},"end":{"line":6,"column":41}},"5":{"start":{"line":7,"column":0},"end":{"line":7,"column":27}},"6":{"start":{"line":8,"column":0},"end":{"line":8,"column":51}},"7":{"start":{"line":11,"column":0},"end":{"line":13,"column":68}},"8":{"start":{"line":12,"column":14},"end":{"line":12,"column":51}},"9":{"start":{"line":13,"column":18},"end":{"line":13,"column":66}},"10":{"start":{"line":16,"column":19},"end":{"line":16,"column":51}},"11":{"start":{"line":17,"column":0},"end":{"line":17,"column":30}},"12":{"start":{"line":20,"column":0},"end":{"line":22,"column":3}},"13":{"start":{"line":21,"column":2},"end":{"line":21,"column":36}},"14":{"start":{"line":25,"column":0},"end":{"line":25,"column":21}}},"fnMap":{"0":{"name":"(anonymous_0)","decl":{"start":{"line":12,"column":8},"end":{"line":12,"column":9}},"loc":{"start":{"line":12,"column":14},"end":{"line":12,"column":51}},"line":12},"1":{"name":"(anonymous_1)","decl":{"start":{"line":13,"column":9},"end":{"line":13,"column":10}},"loc":{"start":{"line":13,"column":18},"end":{"line":13,"column":66}},"line":13},"2":{"name":"(anonymous_2)","decl":{"start":{"line":20,"column":13},"end":{"line":20,"column":14}},"loc":{"start":{"line":20,"column":27},"end":{"line":22,"column":1}},"line":20}},"branchMap":{},"s":{"0":1,"1":1,"2":1,"3":1,"4":1,"5":1,"6":1,"7":1,"8":1,"9":0,"10":1,"11":1,"12":1,"13":0,"14":1},"f":{"0":1,"1":0,"2":0},"b":{},"_coverageSchema":"1a1c01bbd47fc00a2c39e90264f33305004495a9","hash":"d078ae7a300d7ec58a5c4803782bfdd8d5777211"}
,"C:\\Users\\97252\\Desktop\\PokeSwap\\controllers\\posts_controller.js": {"path":"C:\\Users\\97252\\Desktop\\PokeSwap\\controllers\\posts_controller.js","statementMap":{"0":{"start":{"line":1,"column":13},"end":{"line":1,"column":53}},"1":{"start":{"line":4,"column":0},"end":{"line":13,"column":2}},"2":{"start":{"line":5,"column":2},"end":{"line":12,"column":3}},"3":{"start":{"line":6,"column":22},"end":{"line":6,"column":31}},"4":{"start":{"line":7,"column":19},"end":{"line":7,"column":41}},"5":{"start":{"line":8,"column":18},"end":{"line":8,"column":41}},"6":{"start":{"line":9,"column":4},"end":{"line":9,"column":20}},"7":{"start":{"line":11,"column":4},"end":{"line":11,"column":51}},"8":{"start":{"line":16,"column":0},"end":{"line":24,"column":2}},"9":{"start":{"line":17,"column":2},"end":{"line":23,"column":3}},"10":{"start":{"line":18,"column":17},"end":{"line":18,"column":51}},"11":{"start":{"line":19,"column":4},"end":{"line":19,"column":74}},"12":{"start":{"line":19,"column":15},"end":{"line":19,"column":74}},"13":{"start":{"line":20,"column":4},"end":{"line":20,"column":19}},"14":{"start":{"line":22,"column":4},"end":{"line":22,"column":51}},"15":{"start":{"line":27,"column":0},"end":{"line":38,"column":4}},"16":{"start":{"line":28,"column":4},"end":{"line":28,"column":51}},"17":{"start":{"line":29,"column":4},"end":{"line":29,"column":35}},"18":{"start":{"line":31,"column":4},"end":{"line":37,"column":5}},"19":{"start":{"line":32,"column":22},"end":{"line":32,"column":49}},"20":{"start":{"line":33,"column":6},"end":{"line":33,"column":36}},"21":{"start":{"line":35,"column":6},"end":{"line":35,"column":57}},"22":{"start":{"line":36,"column":6},"end":{"line":36,"column":53}},"23":{"start":{"line":43,"column":0},"end":{"line":51,"column":2}},"24":{"start":{"line":44,"column":2},"end":{"line":50,"column":3}},"25":{"start":{"line":45,"column":20},"end":{"line":45,"column":63}},"26":{"start":{"line":46,"column":4},"end":{"line":46,"column":77}},"27":{"start":{"line":46,"column":18},"end":{"line":46,"column":77}},"28":{"start":{"line":47,"column":4},"end":{"line":47,"column":42}},"29":{"start":{"line":49,"column":4},"end":{"line":49,"column":51}}},"fnMap":{"0":{"name":"(anonymous_0)","decl":{"start":{"line":4,"column":22},"end":{"line":4,"column":23}},"loc":{"start":{"line":4,"column":42},"end":{"line":13,"column":1}},"line":4},"1":{"name":"(anonymous_1)","decl":{"start":{"line":16,"column":22},"end":{"line":16,"column":23}},"loc":{"start":{"line":16,"column":42},"end":{"line":24,"column":1}},"line":16},"2":{"name":"(anonymous_2)","decl":{"start":{"line":27,"column":21},"end":{"line":27,"column":22}},"loc":{"start":{"line":27,"column":41},"end":{"line":38,"column":3}},"line":27},"3":{"name":"(anonymous_3)","decl":{"start":{"line":43,"column":21},"end":{"line":43,"column":22}},"loc":{"start":{"line":43,"column":41},"end":{"line":51,"column":1}},"line":43}},"branchMap":{"0":{"loc":{"start":{"line":7,"column":19},"end":{"line":7,"column":41}},"type":"cond-expr","locations":[{"start":{"line":7,"column":27},"end":{"line":7,"column":36}},{"start":{"line":7,"column":39},"end":{"line":7,"column":41}}],"line":7},"1":{"loc":{"start":{"line":19,"column":4},"end":{"line":19,"column":74}},"type":"if","locations":[{"start":{"line":19,"column":4},"end":{"line":19,"column":74}},{"start":{},"end":{}}],"line":19},"2":{"loc":{"start":{"line":46,"column":4},"end":{"line":46,"column":77}},"type":"if","locations":[{"start":{"line":46,"column":4},"end":{"line":46,"column":77}},{"start":{},"end":{}}],"line":46}},"s":{"0":1,"1":1,"2":3,"3":3,"4":3,"5":3,"6":3,"7":0,"8":1,"9":2,"10":2,"11":2,"12":1,"13":1,"14":0,"15":1,"16":5,"17":5,"18":5,"19":5,"20":4,"21":1,"22":1,"23":1,"24":1,"25":1,"26":1,"27":0,"28":1,"29":0},"f":{"0":3,"1":2,"2":5,"3":1},"b":{"0":[1,2],"1":[1,1],"2":[0,1]},"_coverageSchema":"1a1c01bbd47fc00a2c39e90264f33305004495a9","hash":"eda0ad6a3948b57d1d24f5bcdf8cae2c8f4d075f"}
,"C:\\Users\\97252\\Desktop\\PokeSwap\\models\\posts_model.js": {"path":"C:\\Users\\97252\\Desktop\\PokeSwap\\models\\posts_model.js","statementMap":{"0":{"start":{"line":2,"column":22},"end":{"line":4,"column":1}},"1":{"start":{"line":3,"column":4},"end":{"line":3,"column":62}},"2":{"start":{"line":5,"column":0},"end":{"line":5,"column":62}},"3":{"start":{"line":6,"column":19},"end":{"line":6,"column":55}},"4":{"start":{"line":7,"column":19},"end":{"line":29,"column":2}},"5":{"start":{"line":30,"column":18},"end":{"line":30,"column":63}},"6":{"start":{"line":31,"column":0},"end":{"line":31,"column":28}}},"fnMap":{"0":{"name":"(anonymous_0)","decl":{"start":{"line":2,"column":56},"end":{"line":2,"column":57}},"loc":{"start":{"line":2,"column":71},"end":{"line":4,"column":1}},"line":2}},"branchMap":{"0":{"loc":{"start":{"line":2,"column":22},"end":{"line":4,"column":1}},"type":"binary-expr","locations":[{"start":{"line":2,"column":23},"end":{"line":2,"column":27}},{"start":{"line":2,"column":31},"end":{"line":2,"column":51}},{"start":{"line":2,"column":56},"end":{"line":4,"column":1}}],"line":2},"1":{"loc":{"start":{"line":3,"column":11},"end":{"line":3,"column":61}},"type":"cond-expr","locations":[{"start":{"line":3,"column":37},"end":{"line":3,"column":40}},{"start":{"line":3,"column":43},"end":{"line":3,"column":61}}],"line":3},"2":{"loc":{"start":{"line":3,"column":12},"end":{"line":3,"column":33}},"type":"binary-expr","locations":[{"start":{"line":3,"column":12},"end":{"line":3,"column":15}},{"start":{"line":3,"column":19},"end":{"line":3,"column":33}}],"line":3}},"s":{"0":1,"1":1,"2":1,"3":1,"4":1,"5":1,"6":1},"f":{"0":1},"b":{"0":[1,1,1],"1":[0,1],"2":[1,1]},"_coverageSchema":"1a1c01bbd47fc00a2c39e90264f33305004495a9","hash":"8cd61ef249012cfdb3fa92765cce66433e46e0d9"}
,"C:\\Users\\97252\\Desktop\\PokeSwap\\routes\\posts_routes.js": {"path":"C:\\Users\\97252\\Desktop\\PokeSwap\\routes\\posts_routes.js","statementMap":{"0":{"start":{"line":1,"column":16},"end":{"line":1,"column":34}},"1":{"start":{"line":2,"column":15},"end":{"line":2,"column":31}},"2":{"start":{"line":3,"column":23},"end":{"line":3,"column":65}},"3":{"start":{"line":6,"column":0},"end":{"line":6,"column":44}},"4":{"start":{"line":7,"column":0},"end":{"line":7,"column":47}},"5":{"start":{"line":8,"column":0},"end":{"line":8,"column":44}},"6":{"start":{"line":9,"column":0},"end":{"line":9,"column":49}},"7":{"start":{"line":11,"column":0},"end":{"line":11,"column":24}}},"fnMap":{},"branchMap":{},"s":{"0":1,"1":1,"2":1,"3":1,"4":1,"5":1,"6":1,"7":1},"f":{},"b":{},"_coverageSchema":"1a1c01bbd47fc00a2c39e90264f33305004495a9","hash":"e92fb7aef906f3ba4f8cb50b9c0bf52b5262886d"}
,"C:\\Users\\97252\\Desktop\\PokeSwap\\tests\\setupTests.js": {"path":"C:\\Users\\97252\\Desktop\\PokeSwap\\tests\\setupTests.js","statementMap":{"0":{"start":{"line":1,"column":17},"end":{"line":1,"column":36}},"1":{"start":{"line":2,"column":12},"end":{"line":2,"column":32}},"2":{"start":{"line":3,"column":0},"end":{"line":3,"column":27}},"3":{"start":{"line":5,"column":17},"end":{"line":8,"column":1}},"4":{"start":{"line":10,"column":0},"end":{"line":13,"column":3}},"5":{"start":{"line":11,"column":2},"end":{"line":11,"column":42}},"6":{"start":{"line":12,"column":2},"end":{"line":12,"column":52}},"7":{"start":{"line":15,"column":0},"end":{"line":18,"column":3}},"8":{"start":{"line":16,"column":2},"end":{"line":16,"column":42}},"9":{"start":{"line":17,"column":2},"end":{"line":17,"column":36}},"10":{"start":{"line":20,"column":0},"end":{"line":20,"column":35}}},"fnMap":{"0":{"name":"(anonymous_0)","decl":{"start":{"line":10,"column":10},"end":{"line":10,"column":11}},"loc":{"start":{"line":10,"column":22},"end":{"line":13,"column":1}},"line":10},"1":{"name":"(anonymous_1)","decl":{"start":{"line":15,"column":9},"end":{"line":15,"column":10}},"loc":{"start":{"line":15,"column":21},"end":{"line":18,"column":1}},"line":15}},"branchMap":{},"s":{"0":1,"1":1,"2":1,"3":1,"4":1,"5":1,"6":1,"7":1,"8":1,"9":1,"10":1},"f":{"0":1,"1":1},"b":{},"_coverageSchema":"1a1c01bbd47fc00a2c39e90264f33305004495a9","hash":"7ee9ce4c1e38d5e6728db05ef01dcd1d0bd2052c"}
}
