TN:
SF:server.js
FN:12,(anonymous_0)
FN:13,(anonymous_1)
FN:20,(anonymous_2)
FNF:3
FNH:1
FNDA:1,(anonymous_0)
FNDA:0,(anonymous_1)
FNDA:0,(anonymous_2)
DA:1,1
DA:2,1
DA:3,1
DA:4,1
DA:6,1
DA:7,1
DA:8,1
DA:11,1
DA:12,1
DA:13,0
DA:16,1
DA:17,1
DA:20,1
DA:21,0
DA:25,1
LF:15
LH:13
BRF:0
BRH:0
end_of_record
TN:
SF:controllers\posts_controller.js
FN:4,(anonymous_0)
FN:16,(anonymous_1)
FN:27,(anonymous_2)
FN:43,(anonymous_3)
FNF:4
FNH:4
FNDA:3,(anonymous_0)
FNDA:2,(anonymous_1)
FNDA:5,(anonymous_2)
FNDA:1,(anonymous_3)
DA:1,1
DA:4,1
DA:5,3
DA:6,3
DA:7,3
DA:8,3
DA:9,3
DA:11,0
DA:16,1
DA:17,2
DA:18,2
DA:19,2
DA:20,1
DA:22,0
DA:27,1
DA:28,5
DA:29,5
DA:31,5
DA:32,5
DA:33,4
DA:35,1
DA:36,1
DA:43,1
DA:44,1
DA:45,1
DA:46,1
DA:47,1
DA:49,0
LF:28
LH:25
BRDA:7,0,0,1
BRDA:7,0,1,2
BRDA:19,1,0,1
BRDA:19,1,1,1
BRDA:46,2,0,0
BRDA:46,2,1,1
BRF:6
BRH:5
end_of_record
TN:
SF:models\posts_model.js
FN:2,(anonymous_0)
FNF:1
FNH:1
FNDA:1,(anonymous_0)
DA:2,1
DA:3,1
DA:5,1
DA:6,1
DA:7,1
DA:30,1
DA:31,1
LF:7
LH:7
BRDA:2,0,0,1
BRDA:2,0,1,1
BRDA:2,0,2,1
BRDA:3,1,0,0
BRDA:3,1,1,1
BRDA:3,2,0,1
BRDA:3,2,1,1
BRF:7
BRH:6
end_of_record
TN:
SF:routes\posts_routes.js
FNF:0
FNH:0
DA:1,1
DA:2,1
DA:3,1
DA:6,1
DA:7,1
DA:8,1
DA:9,1
DA:11,1
LF:8
LH:8
BRF:0
BRH:0
end_of_record
TN:
SF:tests\setupTests.js
FN:10,(anonymous_0)
FN:15,(anonymous_1)
FNF:2
FNH:2
FNDA:1,(anonymous_0)
FNDA:1,(anonymous_1)
DA:1,1
DA:2,1
DA:3,1
DA:5,1
DA:10,1
DA:11,1
DA:12,1
DA:15,1
DA:16,1
DA:17,1
DA:20,1
LF:11
LH:11
BRF:0
BRH:0
end_of_record
